{"/home/mohammadsh/projects/courses/basic-api-server/src/server.js": {"path":"/home/mohammadsh/projects/courses/basic-api-server/src/server.js","statementMap":{"0":{"start":{"line":2,"column":0},"end":{"line":2,"column":27}},"1":{"start":{"line":3,"column":13},"end":{"line":3,"column":37}},"2":{"start":{"line":4,"column":16},"end":{"line":4,"column":34}},"3":{"start":{"line":5,"column":12},"end":{"line":5,"column":21}},"4":{"start":{"line":6,"column":24},"end":{"line":6,"column":49}},"5":{"start":{"line":7,"column":21},"end":{"line":7,"column":46}},"6":{"start":{"line":8,"column":19},"end":{"line":8,"column":49}},"7":{"start":{"line":9,"column":22},"end":{"line":9,"column":55}},"8":{"start":{"line":10,"column":0},"end":{"line":10,"column":24}},"9":{"start":{"line":14,"column":0},"end":{"line":14,"column":23}},"10":{"start":{"line":15,"column":0},"end":{"line":15,"column":20}},"11":{"start":{"line":16,"column":0},"end":{"line":16,"column":30}},"12":{"start":{"line":18,"column":0},"end":{"line":18,"column":22}},"13":{"start":{"line":22,"column":4},"end":{"line":24,"column":7}},"14":{"start":{"line":23,"column":8},"end":{"line":23,"column":58}},"15":{"start":{"line":27,"column":0},"end":{"line":30,"column":2}}},"fnMap":{"0":{"name":"start","decl":{"start":{"line":21,"column":9},"end":{"line":21,"column":14}},"loc":{"start":{"line":21,"column":21},"end":{"line":25,"column":1}},"line":21},"1":{"name":"(anonymous_1)","decl":{"start":{"line":22,"column":21},"end":{"line":22,"column":22}},"loc":{"start":{"line":22,"column":27},"end":{"line":24,"column":5}},"line":22}},"branchMap":{"0":{"loc":{"start":{"line":3,"column":13},"end":{"line":3,"column":37}},"type":"binary-expr","locations":[{"start":{"line":3,"column":13},"end":{"line":3,"column":29}},{"start":{"line":3,"column":33},"end":{"line":3,"column":37}}],"line":3}},"s":{"0":1,"1":1,"2":1,"3":1,"4":1,"5":1,"6":1,"7":1,"8":1,"9":1,"10":1,"11":1,"12":1,"13":0,"14":0,"15":1},"f":{"0":0,"1":0},"b":{"0":[1,0]},"_coverageSchema":"1a1c01bbd47fc00a2c39e90264f33305004495a9","hash":"25f8a65e8e45db55e29438f64f6916ee2bc0b219"}
,"/home/mohammadsh/projects/courses/basic-api-server/src/handlers/404.js": {"path":"/home/mohammadsh/projects/courses/basic-api-server/src/handlers/404.js","statementMap":{"0":{"start":{"line":2,"column":0},"end":{"line":8,"column":2}},"1":{"start":{"line":3,"column":4},"end":{"line":7,"column":7}}},"fnMap":{"0":{"name":"(anonymous_0)","decl":{"start":{"line":2,"column":17},"end":{"line":2,"column":18}},"loc":{"start":{"line":2,"column":37},"end":{"line":8,"column":1}},"line":2}},"branchMap":{},"s":{"0":1,"1":1},"f":{"0":1},"b":{},"_coverageSchema":"1a1c01bbd47fc00a2c39e90264f33305004495a9","hash":"106dd64fad381f08874ed719e11ddac76ada46c7"}
,"/home/mohammadsh/projects/courses/basic-api-server/src/handlers/500.js": {"path":"/home/mohammadsh/projects/courses/basic-api-server/src/handlers/500.js","statementMap":{"0":{"start":{"line":2,"column":0},"end":{"line":9,"column":2}},"1":{"start":{"line":3,"column":4},"end":{"line":3,"column":22}},"2":{"start":{"line":4,"column":4},"end":{"line":8,"column":7}}},"fnMap":{"0":{"name":"(anonymous_0)","decl":{"start":{"line":2,"column":17},"end":{"line":2,"column":18}},"loc":{"start":{"line":2,"column":44},"end":{"line":9,"column":1}},"line":2}},"branchMap":{"0":{"loc":{"start":{"line":7,"column":34},"end":{"line":7,"column":56}},"type":"binary-expr","locations":[{"start":{"line":7,"column":34},"end":{"line":7,"column":47}},{"start":{"line":7,"column":51},"end":{"line":7,"column":56}}],"line":7}},"s":{"0":1,"1":0,"2":0},"f":{"0":0},"b":{"0":[0,0]},"_coverageSchema":"1a1c01bbd47fc00a2c39e90264f33305004495a9","hash":"7da8c107050206688a2ba5ee0c03dc5f6b01b165"}
,"/home/mohammadsh/projects/courses/basic-api-server/src/models/clothes.model.js": {"path":"/home/mohammadsh/projects/courses/basic-api-server/src/models/clothes.model.js","statementMap":{"0":{"start":{"line":2,"column":16},"end":{"line":12,"column":6}},"1":{"start":{"line":3,"column":4},"end":{"line":12,"column":6}},"2":{"start":{"line":14,"column":0},"end":{"line":14,"column":25}}},"fnMap":{"0":{"name":"(anonymous_0)","decl":{"start":{"line":2,"column":16},"end":{"line":2,"column":17}},"loc":{"start":{"line":3,"column":4},"end":{"line":12,"column":6}},"line":3}},"branchMap":{},"s":{"0":1,"1":1,"2":1},"f":{"0":1},"b":{},"_coverageSchema":"1a1c01bbd47fc00a2c39e90264f33305004495a9","hash":"3c274c45e6973f53a7b1ac8fcc731fa1ae57d221"}
,"/home/mohammadsh/projects/courses/basic-api-server/src/models/food.model.js": {"path":"/home/mohammadsh/projects/courses/basic-api-server/src/models/food.model.js","statementMap":{"0":{"start":{"line":3,"column":13},"end":{"line":13,"column":6}},"1":{"start":{"line":4,"column":4},"end":{"line":13,"column":6}},"2":{"start":{"line":15,"column":0},"end":{"line":15,"column":22}}},"fnMap":{"0":{"name":"(anonymous_0)","decl":{"start":{"line":3,"column":13},"end":{"line":3,"column":14}},"loc":{"start":{"line":4,"column":4},"end":{"line":13,"column":6}},"line":4}},"branchMap":{},"s":{"0":1,"1":1,"2":1},"f":{"0":1},"b":{},"_coverageSchema":"1a1c01bbd47fc00a2c39e90264f33305004495a9","hash":"e0b766cdab04b5b8a3a13041f0a84968adb4df38"}
,"/home/mohammadsh/projects/courses/basic-api-server/src/models/index.js": {"path":"/home/mohammadsh/projects/courses/basic-api-server/src/models/index.js","statementMap":{"0":{"start":{"line":2,"column":0},"end":{"line":2,"column":27}},"1":{"start":{"line":3,"column":21},"end":{"line":3,"column":98}},"2":{"start":{"line":4,"column":33},"end":{"line":4,"column":53}},"3":{"start":{"line":5,"column":13},"end":{"line":5,"column":39}},"4":{"start":{"line":6,"column":16},"end":{"line":6,"column":45}},"5":{"start":{"line":8,"column":4},"end":{"line":16,"column":14}},"6":{"start":{"line":18,"column":16},"end":{"line":18,"column":61}},"7":{"start":{"line":19,"column":0},"end":{"line":23,"column":2}}},"fnMap":{},"branchMap":{"0":{"loc":{"start":{"line":3,"column":21},"end":{"line":3,"column":98}},"type":"cond-expr","locations":[{"start":{"line":3,"column":55},"end":{"line":3,"column":71}},{"start":{"line":3,"column":74},"end":{"line":3,"column":98}}],"line":3},"1":{"loc":{"start":{"line":8,"column":4},"end":{"line":16,"column":14}},"type":"cond-expr","locations":[{"start":{"line":9,"column":10},"end":{"line":16,"column":9}},{"start":{"line":16,"column":12},"end":{"line":16,"column":14}}],"line":8}},"s":{"0":1,"1":1,"2":1,"3":1,"4":1,"5":1,"6":1,"7":1},"f":{},"b":{"0":[1,0],"1":[0,1]},"_coverageSchema":"1a1c01bbd47fc00a2c39e90264f33305004495a9","hash":"87be417e510e622d0434e52e37f9912712c2bbc9"}
,"/home/mohammadsh/projects/courses/basic-api-server/src/routes/clothes.route.js": {"path":"/home/mohammadsh/projects/courses/basic-api-server/src/routes/clothes.route.js","statementMap":{"0":{"start":{"line":2,"column":16},"end":{"line":2,"column":34}},"1":{"start":{"line":4,"column":20},"end":{"line":4,"column":46}},"2":{"start":{"line":5,"column":22},"end":{"line":5,"column":38}},"3":{"start":{"line":7,"column":0},"end":{"line":7,"column":42}},"4":{"start":{"line":8,"column":0},"end":{"line":8,"column":49}},"5":{"start":{"line":9,"column":0},"end":{"line":9,"column":46}},"6":{"start":{"line":10,"column":0},"end":{"line":10,"column":49}},"7":{"start":{"line":11,"column":0},"end":{"line":11,"column":52}},"8":{"start":{"line":14,"column":23},"end":{"line":14,"column":46}},"9":{"start":{"line":15,"column":4},"end":{"line":15,"column":27}},"10":{"start":{"line":16,"column":4},"end":{"line":16,"column":37}},"11":{"start":{"line":21,"column":22},"end":{"line":21,"column":45}},"12":{"start":{"line":22,"column":16},"end":{"line":22,"column":67}},"13":{"start":{"line":23,"column":4},"end":{"line":23,"column":32}},"14":{"start":{"line":28,"column":19},"end":{"line":28,"column":27}},"15":{"start":{"line":29,"column":20},"end":{"line":29,"column":50}},"16":{"start":{"line":30,"column":4},"end":{"line":30,"column":36}},"17":{"start":{"line":35,"column":20},"end":{"line":35,"column":43}},"18":{"start":{"line":36,"column":24},"end":{"line":36,"column":32}},"19":{"start":{"line":38,"column":23},"end":{"line":38,"column":74}},"20":{"start":{"line":39,"column":4},"end":{"line":46,"column":5}},"21":{"start":{"line":41,"column":29},"end":{"line":41,"column":69}},"22":{"start":{"line":42,"column":8},"end":{"line":42,"column":45}},"23":{"start":{"line":45,"column":8},"end":{"line":45,"column":24}},"24":{"start":{"line":50,"column":20},"end":{"line":50,"column":43}},"25":{"start":{"line":51,"column":24},"end":{"line":51,"column":75}},"26":{"start":{"line":52,"column":0},"end":{"line":52,"column":36}},"27":{"start":{"line":54,"column":0},"end":{"line":54,"column":31}}},"fnMap":{"0":{"name":"getClothes","decl":{"start":{"line":13,"column":15},"end":{"line":13,"column":25}},"loc":{"start":{"line":13,"column":36},"end":{"line":17,"column":1}},"line":13},"1":{"name":"getOneClothes","decl":{"start":{"line":20,"column":15},"end":{"line":20,"column":28}},"loc":{"start":{"line":20,"column":39},"end":{"line":24,"column":1}},"line":20},"2":{"name":"createClothes","decl":{"start":{"line":27,"column":15},"end":{"line":27,"column":28}},"loc":{"start":{"line":27,"column":39},"end":{"line":31,"column":1}},"line":27},"3":{"name":"updateClothes","decl":{"start":{"line":33,"column":15},"end":{"line":33,"column":28}},"loc":{"start":{"line":33,"column":39},"end":{"line":47,"column":1}},"line":33},"4":{"name":"deleteClothes","decl":{"start":{"line":48,"column":15},"end":{"line":48,"column":28}},"loc":{"start":{"line":48,"column":39},"end":{"line":53,"column":1}},"line":48}},"branchMap":{"0":{"loc":{"start":{"line":39,"column":4},"end":{"line":46,"column":5}},"type":"if","locations":[{"start":{"line":39,"column":4},"end":{"line":46,"column":5}},{"start":{"line":43,"column":11},"end":{"line":46,"column":5}}],"line":39}},"s":{"0":1,"1":1,"2":1,"3":1,"4":1,"5":1,"6":1,"7":1,"8":1,"9":1,"10":1,"11":0,"12":0,"13":0,"14":1,"15":1,"16":1,"17":1,"18":1,"19":1,"20":1,"21":1,"22":1,"23":0,"24":1,"25":1,"26":1,"27":1},"f":{"0":1,"1":0,"2":1,"3":1,"4":1},"b":{"0":[1,0]},"_coverageSchema":"1a1c01bbd47fc00a2c39e90264f33305004495a9","hash":"7bd3c61294bf129f8c448128f76607a1d1cb8393"}
,"/home/mohammadsh/projects/courses/basic-api-server/src/routes/food.route.js": {"path":"/home/mohammadsh/projects/courses/basic-api-server/src/routes/food.route.js","statementMap":{"0":{"start":{"line":2,"column":16},"end":{"line":2,"column":34}},"1":{"start":{"line":4,"column":17},"end":{"line":4,"column":43}},"2":{"start":{"line":5,"column":19},"end":{"line":5,"column":35}},"3":{"start":{"line":7,"column":0},"end":{"line":7,"column":33}},"4":{"start":{"line":8,"column":0},"end":{"line":8,"column":40}},"5":{"start":{"line":9,"column":0},"end":{"line":9,"column":37}},"6":{"start":{"line":10,"column":0},"end":{"line":10,"column":40}},"7":{"start":{"line":11,"column":0},"end":{"line":11,"column":43}},"8":{"start":{"line":14,"column":20},"end":{"line":14,"column":40}},"9":{"start":{"line":15,"column":4},"end":{"line":15,"column":27}},"10":{"start":{"line":16,"column":4},"end":{"line":16,"column":34}},"11":{"start":{"line":21,"column":19},"end":{"line":21,"column":42}},"12":{"start":{"line":22,"column":17},"end":{"line":22,"column":62}},"13":{"start":{"line":23,"column":4},"end":{"line":23,"column":33}},"14":{"start":{"line":28,"column":18},"end":{"line":28,"column":26}},"15":{"start":{"line":29,"column":17},"end":{"line":29,"column":43}},"16":{"start":{"line":30,"column":4},"end":{"line":30,"column":33}},"17":{"start":{"line":35,"column":17},"end":{"line":35,"column":40}},"18":{"start":{"line":36,"column":21},"end":{"line":36,"column":29}},"19":{"start":{"line":38,"column":20},"end":{"line":38,"column":65}},"20":{"start":{"line":39,"column":4},"end":{"line":46,"column":5}},"21":{"start":{"line":41,"column":26},"end":{"line":41,"column":60}},"22":{"start":{"line":42,"column":8},"end":{"line":42,"column":42}},"23":{"start":{"line":45,"column":8},"end":{"line":45,"column":24}},"24":{"start":{"line":50,"column":17},"end":{"line":50,"column":40}},"25":{"start":{"line":51,"column":21},"end":{"line":51,"column":66}},"26":{"start":{"line":52,"column":0},"end":{"line":52,"column":33}},"27":{"start":{"line":54,"column":0},"end":{"line":54,"column":28}}},"fnMap":{"0":{"name":"getFood","decl":{"start":{"line":13,"column":15},"end":{"line":13,"column":22}},"loc":{"start":{"line":13,"column":33},"end":{"line":17,"column":1}},"line":13},"1":{"name":"getOneFood","decl":{"start":{"line":20,"column":15},"end":{"line":20,"column":25}},"loc":{"start":{"line":20,"column":36},"end":{"line":24,"column":1}},"line":20},"2":{"name":"createFood","decl":{"start":{"line":27,"column":15},"end":{"line":27,"column":25}},"loc":{"start":{"line":27,"column":36},"end":{"line":31,"column":1}},"line":27},"3":{"name":"updateFood","decl":{"start":{"line":33,"column":15},"end":{"line":33,"column":25}},"loc":{"start":{"line":33,"column":36},"end":{"line":47,"column":1}},"line":33},"4":{"name":"deleteFood","decl":{"start":{"line":48,"column":15},"end":{"line":48,"column":25}},"loc":{"start":{"line":48,"column":36},"end":{"line":53,"column":1}},"line":48}},"branchMap":{"0":{"loc":{"start":{"line":39,"column":4},"end":{"line":46,"column":5}},"type":"if","locations":[{"start":{"line":39,"column":4},"end":{"line":46,"column":5}},{"start":{"line":43,"column":11},"end":{"line":46,"column":5}}],"line":39}},"s":{"0":1,"1":1,"2":1,"3":1,"4":1,"5":1,"6":1,"7":1,"8":1,"9":1,"10":1,"11":0,"12":0,"13":0,"14":1,"15":1,"16":1,"17":1,"18":1,"19":1,"20":1,"21":1,"22":1,"23":0,"24":1,"25":1,"26":1,"27":1},"f":{"0":1,"1":0,"2":1,"3":1,"4":1},"b":{"0":[1,0]},"_coverageSchema":"1a1c01bbd47fc00a2c39e90264f33305004495a9","hash":"60513f21b9fdad364758309df56f5e5f55ec9d03"}
}
